0 verbose cli C:\Program Files\nodejs\node.exe C:\Program Files\nodejs\node_modules\npm\bin\npm-cli.js
1 info using npm@10.9.3
2 info using node@v22.18.0
3 silly config load:file:C:\Program Files\nodejs\node_modules\npm\npmrc
4 silly config load:file:D:\Mini_Project\career-automate-admin\.npmrc
5 silly config load:file:C:\Users\shree\.npmrc
6 silly config load:file:C:\Users\shree\AppData\Roaming\npm\etc\npmrc
7 verbose title npm install @supabase/supabase-js lucide-react date-fns sonner
8 verbose argv "install" "@supabase/supabase-js" "lucide-react" "date-fns" "sonner"
9 verbose logfile logs-max:10 dir:D:\Mini_Project\career-automate-admin\.npm-cache\_logs\2025-12-22T01_20_56_104Z-
10 verbose logfile D:\Mini_Project\career-automate-admin\.npm-cache\_logs\2025-12-22T01_20_56_104Z-debug-0.log
11 silly logfile done cleaning log files
12 silly packumentCache heap:4345298944 maxSize:1086324736 maxEntrySize:543162368
13 silly idealTree buildDeps
14 silly fetch manifest @supabase/supabase-js@*
15 silly packumentCache full:https://registry.npmjs.org/@supabase%2fsupabase-js cache-miss
16 http fetch GET 200 https://registry.npmjs.org/npm 355ms
17 http fetch GET 200 https://registry.npmjs.org/@supabase%2fsupabase-js 1546ms (cache miss)
18 silly packumentCache full:https://registry.npmjs.org/@supabase%2fsupabase-js set size:undefined disposed:false
19 silly fetch manifest lucide-react@*
20 silly packumentCache full:https://registry.npmjs.org/lucide-react cache-miss
21 http fetch GET 200 https://registry.npmjs.org/lucide-react 465ms (cache miss)
22 silly packumentCache full:https://registry.npmjs.org/lucide-react set size:undefined disposed:false
23 silly fetch manifest react@19.2.3
24 silly packumentCache full:https://registry.npmjs.org/react cache-miss
25 http fetch GET 200 https://registry.npmjs.org/react 212ms (cache miss)
26 silly packumentCache full:https://registry.npmjs.org/react set size:undefined disposed:false
27 silly fetch manifest date-fns@*
28 silly packumentCache full:https://registry.npmjs.org/date-fns cache-miss
29 http fetch GET 200 https://registry.npmjs.org/date-fns 457ms (cache miss)
30 silly packumentCache full:https://registry.npmjs.org/date-fns set size:undefined disposed:false
31 silly fetch manifest sonner@*
32 silly packumentCache full:https://registry.npmjs.org/sonner cache-miss
33 http fetch GET 200 https://registry.npmjs.org/sonner 391ms (cache miss)
34 silly packumentCache full:https://registry.npmjs.org/sonner set size:undefined disposed:false
35 silly fetch manifest react-dom@19.2.3
36 silly packumentCache full:https://registry.npmjs.org/react-dom cache-miss
37 http fetch GET 200 https://registry.npmjs.org/react-dom 223ms (cache miss)
38 silly packumentCache full:https://registry.npmjs.org/react-dom set size:undefined disposed:false
39 silly placeDep ROOT @supabase/supabase-js@2.89.0 OK for: career-automate-admin@0.1.0 want: *
40 silly placeDep ROOT date-fns@4.1.0 OK for: career-automate-admin@0.1.0 want: *
41 silly placeDep ROOT lucide-react@0.562.0 OK for: career-automate-admin@0.1.0 want: *
42 silly placeDep ROOT sonner@2.0.7 OK for: career-automate-admin@0.1.0 want: *
43 silly fetch manifest @supabase/auth-js@2.89.0
44 silly packumentCache full:https://registry.npmjs.org/@supabase%2fauth-js cache-miss
45 silly fetch manifest @supabase/functions-js@2.89.0
46 silly packumentCache full:https://registry.npmjs.org/@supabase%2ffunctions-js cache-miss
47 silly fetch manifest @supabase/postgrest-js@2.89.0
48 silly packumentCache full:https://registry.npmjs.org/@supabase%2fpostgrest-js cache-miss
49 silly fetch manifest @supabase/realtime-js@2.89.0
50 silly packumentCache full:https://registry.npmjs.org/@supabase%2frealtime-js cache-miss
51 silly fetch manifest @supabase/storage-js@2.89.0
52 silly packumentCache full:https://registry.npmjs.org/@supabase%2fstorage-js cache-miss
53 http fetch GET 200 https://registry.npmjs.org/@supabase%2fauth-js 814ms (cache miss)
54 silly packumentCache full:https://registry.npmjs.org/@supabase%2fauth-js set size:undefined disposed:false
55 http fetch GET 200 https://registry.npmjs.org/@supabase%2fstorage-js 887ms (cache miss)
56 silly packumentCache full:https://registry.npmjs.org/@supabase%2fstorage-js set size:undefined disposed:false
57 http fetch GET 200 https://registry.npmjs.org/@supabase%2frealtime-js 894ms (cache miss)
58 silly packumentCache full:https://registry.npmjs.org/@supabase%2frealtime-js set size:undefined disposed:false
59 http fetch GET 200 https://registry.npmjs.org/@supabase%2ffunctions-js 1382ms (cache miss)
60 silly packumentCache full:https://registry.npmjs.org/@supabase%2ffunctions-js set size:undefined disposed:false
61 http fetch GET 200 https://registry.npmjs.org/@supabase%2fpostgrest-js 1408ms (cache miss)
62 silly packumentCache full:https://registry.npmjs.org/@supabase%2fpostgrest-js set size:undefined disposed:false
63 silly placeDep ROOT @supabase/auth-js@2.89.0 OK for: @supabase/supabase-js@2.89.0 want: 2.89.0
64 silly placeDep ROOT @supabase/functions-js@2.89.0 OK for: @supabase/supabase-js@2.89.0 want: 2.89.0
65 silly placeDep ROOT @supabase/postgrest-js@2.89.0 OK for: @supabase/supabase-js@2.89.0 want: 2.89.0
66 silly placeDep ROOT @supabase/realtime-js@2.89.0 OK for: @supabase/supabase-js@2.89.0 want: 2.89.0
67 silly placeDep ROOT @supabase/storage-js@2.89.0 OK for: @supabase/supabase-js@2.89.0 want: 2.89.0
68 silly fetch manifest @types/phoenix@^1.6.6
69 silly packumentCache full:https://registry.npmjs.org/@types%2fphoenix cache-miss
70 silly fetch manifest @types/ws@^8.18.1
71 silly packumentCache full:https://registry.npmjs.org/@types%2fws cache-miss
72 silly fetch manifest ws@^8.18.2
73 silly packumentCache full:https://registry.npmjs.org/ws cache-miss
74 silly fetch manifest iceberg-js@^0.8.1
75 silly packumentCache full:https://registry.npmjs.org/iceberg-js cache-miss
76 http fetch GET 200 https://registry.npmjs.org/ws 50ms (cache miss)
77 silly packumentCache full:https://registry.npmjs.org/ws set size:undefined disposed:false
78 http fetch GET 200 https://registry.npmjs.org/@types%2fws 56ms (cache miss)
79 silly packumentCache full:https://registry.npmjs.org/@types%2fws set size:undefined disposed:false
80 http fetch GET 200 https://registry.npmjs.org/iceberg-js 372ms (cache miss)
81 silly packumentCache full:https://registry.npmjs.org/iceberg-js set size:undefined disposed:false
82 http fetch GET 200 https://registry.npmjs.org/@types%2fphoenix 617ms (cache miss)
83 silly packumentCache full:https://registry.npmjs.org/@types%2fphoenix set size:undefined disposed:false
84 silly fetch manifest bufferutil@^4.0.1
85 silly packumentCache full:https://registry.npmjs.org/bufferutil cache-miss
86 http fetch GET 200 https://registry.npmjs.org/bufferutil 37ms (cache miss)
87 silly packumentCache full:https://registry.npmjs.org/bufferutil set size:undefined disposed:false
88 silly fetch manifest utf-8-validate@>=5.0.2
89 silly packumentCache full:https://registry.npmjs.org/utf-8-validate cache-miss
90 http fetch GET 200 https://registry.npmjs.org/utf-8-validate 408ms (cache miss)
91 silly packumentCache full:https://registry.npmjs.org/utf-8-validate set size:undefined disposed:false
92 silly placeDep ROOT @types/phoenix@1.6.7 OK for: @supabase/realtime-js@2.89.0 want: ^1.6.6
93 silly placeDep ROOT @types/ws@8.18.1 OK for: @supabase/realtime-js@2.89.0 want: ^8.18.1
94 silly placeDep ROOT ws@8.18.3 OK for: @supabase/realtime-js@2.89.0 want: ^8.18.2
95 silly placeDep ROOT iceberg-js@0.8.1 OK for: @supabase/storage-js@2.89.0 want: ^0.8.1
96 silly reify moves {}
97 verbose reify failed optional dependency D:\Mini_Project\career-automate-admin\node_modules\@tailwindcss\oxide-wasm32-wasi
98 silly reify mark deleted [
98 silly reify   'D:\\Mini_Project\\career-automate-admin\\node_modules\\@tailwindcss\\oxide-wasm32-wasi'
98 silly reify ]
99 silly audit bulk request {
99 silly audit   '@alloc/quick-lru': [ '5.2.0' ],
99 silly audit   '@babel/code-frame': [ '7.27.1' ],
99 silly audit   '@babel/compat-data': [ '7.28.5' ],
99 silly audit   '@babel/core': [ '7.28.5' ],
99 silly audit   '@babel/generator': [ '7.28.5' ],
99 silly audit   '@babel/helper-compilation-targets': [ '7.27.2' ],
99 silly audit   '@babel/helper-globals': [ '7.28.0' ],
99 silly audit   '@babel/helper-module-imports': [ '7.27.1' ],
99 silly audit   '@babel/helper-module-transforms': [ '7.28.3' ],
99 silly audit   '@babel/helper-string-parser': [ '7.27.1' ],
99 silly audit   '@babel/helper-validator-identifier': [ '7.28.5' ],
99 silly audit   '@babel/helper-validator-option': [ '7.27.1' ],
99 silly audit   '@babel/helpers': [ '7.28.4' ],
99 silly audit   '@babel/parser': [ '7.28.5' ],
99 silly audit   '@babel/template': [ '7.27.2' ],
99 silly audit   '@babel/traverse': [ '7.28.5' ],
99 silly audit   '@babel/types': [ '7.28.5' ],
99 silly audit   '@emnapi/core': [ '1.7.1' ],
99 silly audit   '@emnapi/runtime': [ '1.7.1' ],
99 silly audit   '@emnapi/wasi-threads': [ '1.1.0' ],
99 silly audit   '@eslint-community/eslint-utils': [ '4.9.0' ],
99 silly audit   'eslint-visitor-keys': [ '3.4.3', '4.2.1' ],
99 silly audit   '@eslint-community/regexpp': [ '4.12.2' ],
99 silly audit   '@eslint/config-array': [ '0.21.1' ],
99 silly audit   '@eslint/config-helpers': [ '0.4.2' ],
99 silly audit   '@eslint/core': [ '0.17.0' ],
99 silly audit   '@eslint/eslintrc': [ '3.3.3' ],
99 silly audit   '@eslint/js': [ '9.39.2' ],
99 silly audit   '@eslint/object-schema': [ '2.1.7' ],
99 silly audit   '@eslint/plugin-kit': [ '0.4.1' ],
99 silly audit   '@humanfs/core': [ '0.19.1' ],
99 silly audit   '@humanfs/node': [ '0.16.7' ],
99 silly audit   '@humanwhocodes/module-importer': [ '1.0.1' ],
99 silly audit   '@humanwhocodes/retry': [ '0.4.3' ],
99 silly audit   '@img/colour': [ '1.0.0' ],
99 silly audit   '@img/sharp-darwin-arm64': [ '0.34.5' ],
99 silly audit   '@img/sharp-darwin-x64': [ '0.34.5' ],
99 silly audit   '@img/sharp-libvips-darwin-arm64': [ '1.2.4' ],
99 silly audit   '@img/sharp-libvips-darwin-x64': [ '1.2.4' ],
99 silly audit   '@img/sharp-libvips-linux-arm': [ '1.2.4' ],
99 silly audit   '@img/sharp-libvips-linux-arm64': [ '1.2.4' ],
99 silly audit   '@img/sharp-libvips-linux-ppc64': [ '1.2.4' ],
99 silly audit   '@img/sharp-libvips-linux-riscv64': [ '1.2.4' ],
99 silly audit   '@img/sharp-libvips-linux-s390x': [ '1.2.4' ],
99 silly audit   '@img/sharp-libvips-linux-x64': [ '1.2.4' ],
99 silly audit   '@img/sharp-libvips-linuxmusl-arm64': [ '1.2.4' ],
99 silly audit   '@img/sharp-libvips-linuxmusl-x64': [ '1.2.4' ],
99 silly audit   '@img/sharp-linux-arm': [ '0.34.5' ],
99 silly audit   '@img/sharp-linux-arm64': [ '0.34.5' ],
99 silly audit   '@img/sharp-linux-ppc64': [ '0.34.5' ],
99 silly audit   '@img/sharp-linux-riscv64': [ '0.34.5' ],
99 silly audit   '@img/sharp-linux-s390x': [ '0.34.5' ],
99 silly audit   '@img/sharp-linux-x64': [ '0.34.5' ],
99 silly audit   '@img/sharp-linuxmusl-arm64': [ '0.34.5' ],
99 silly audit   '@img/sharp-linuxmusl-x64': [ '0.34.5' ],
99 silly audit   '@img/sharp-wasm32': [ '0.34.5' ],
99 silly audit   '@img/sharp-win32-arm64': [ '0.34.5' ],
99 silly audit   '@img/sharp-win32-ia32': [ '0.34.5' ],
99 silly audit   '@img/sharp-win32-x64': [ '0.34.5' ],
99 silly audit   '@jridgewell/gen-mapping': [ '0.3.13' ],
99 silly audit   '@jridgewell/remapping': [ '2.3.5' ],
99 silly audit   '@jridgewell/resolve-uri': [ '3.1.2' ],
99 silly audit   '@jridgewell/sourcemap-codec': [ '1.5.5' ],
99 silly audit   '@jridgewell/trace-mapping': [ '0.3.31' ],
99 silly audit   '@napi-rs/wasm-runtime': [ '0.2.12' ],
99 silly audit   '@next/env': [ '16.1.0' ],
99 silly audit   '@next/eslint-plugin-next': [ '16.1.0' ],
99 silly audit   '@next/swc-darwin-arm64': [ '16.1.0' ],
99 silly audit   '@next/swc-darwin-x64': [ '16.1.0' ],
99 silly audit   '@next/swc-linux-arm64-gnu': [ '16.1.0' ],
99 silly audit   '@next/swc-linux-arm64-musl': [ '16.1.0' ],
99 silly audit   '@next/swc-linux-x64-gnu': [ '16.1.0' ],
99 silly audit   '@next/swc-linux-x64-musl': [ '16.1.0' ],
99 silly audit   '@next/swc-win32-arm64-msvc': [ '16.1.0' ],
99 silly audit   '@next/swc-win32-x64-msvc': [ '16.1.0' ],
99 silly audit   '@nodelib/fs.scandir': [ '2.1.5' ],
99 silly audit   '@nodelib/fs.stat': [ '2.0.5' ],
99 silly audit   '@nodelib/fs.walk': [ '1.2.8' ],
99 silly audit   '@nolyfill/is-core-module': [ '1.0.39' ],
99 silly audit   '@rtsao/scc': [ '1.1.0' ],
99 silly audit   '@swc/helpers': [ '0.5.15' ],
99 silly audit   '@tailwindcss/node': [ '4.1.18' ],
99 silly audit   '@tailwindcss/oxide': [ '4.1.18' ],
99 silly audit   '@tailwindcss/oxide-android-arm64': [ '4.1.18' ],
99 silly audit   '@tailwindcss/oxide-darwin-arm64': [ '4.1.18' ],
99 silly audit   '@tailwindcss/oxide-darwin-x64': [ '4.1.18' ],
99 silly audit   '@tailwindcss/oxide-freebsd-x64': [ '4.1.18' ],
99 silly audit   '@tailwindcss/oxide-linux-arm-gnueabihf': [ '4.1.18' ],
99 silly audit   '@tailwindcss/oxide-linux-arm64-gnu': [ '4.1.18' ],
99 silly audit   '@tailwindcss/oxide-linux-arm64-musl': [ '4.1.18' ],
99 silly audit   '@tailwindcss/oxide-linux-x64-gnu': [ '4.1.18' ],
99 silly audit   '@tailwindcss/oxide-linux-x64-musl': [ '4.1.18' ],
99 silly audit   '@tailwindcss/oxide-win32-arm64-msvc': [ '4.1.18' ],
99 silly audit   '@tailwindcss/oxide-win32-x64-msvc': [ '4.1.18' ],
99 silly audit   '@tailwindcss/postcss': [ '4.1.18' ],
99 silly audit   '@tybys/wasm-util': [ '0.10.1' ],
99 silly audit   '@types/estree': [ '1.0.8' ],
99 silly audit   '@types/json-schema': [ '7.0.15' ],
99 silly audit   '@types/json5': [ '0.0.29' ],
99 silly audit   '@types/node': [ '20.19.27' ],
99 silly audit   '@types/react': [ '19.2.7' ],
99 silly audit   '@types/react-dom': [ '19.2.3' ],
99 silly audit   '@typescript-eslint/eslint-plugin': [ '8.50.0' ],
99 silly audit   ignore: [ '7.0.5', '5.3.2' ],
99 silly audit   '@typescript-eslint/parser': [ '8.50.0' ],
99 silly audit   '@typescript-eslint/project-service': [ '8.50.0' ],
99 silly audit   '@typescript-eslint/scope-manager': [ '8.50.0' ],
99 silly audit   '@typescript-eslint/tsconfig-utils': [ '8.50.0' ],
99 silly audit   '@typescript-eslint/type-utils': [ '8.50.0' ],
99 silly audit   '@typescript-eslint/types': [ '8.50.0' ],
99 silly audit   '@typescript-eslint/typescript-estree': [ '8.50.0' ],
99 silly audit   'brace-expansion': [ '2.0.2', '1.1.12' ],
99 silly audit   minimatch: [ '9.0.5', '3.1.2' ],
99 silly audit   semver: [ '7.7.3', '6.3.1' ],
99 silly audit   '@typescript-eslint/utils': [ '8.50.0' ],
99 silly audit   '@typescript-eslint/visitor-keys': [ '8.50.0' ],
99 silly audit   '@unrs/resolver-binding-android-arm-eabi': [ '1.11.1' ],
99 silly audit   '@unrs/resolver-binding-android-arm64': [ '1.11.1' ],
99 silly audit   '@unrs/resolver-binding-darwin-arm64': [ '1.11.1' ],
99 silly audit   '@unrs/resolver-binding-darwin-x64': [ '1.11.1' ],
99 silly audit   '@unrs/resolver-binding-freebsd-x64': [ '1.11.1' ],
99 silly audit   '@unrs/resolver-binding-linux-arm-gnueabihf': [ '1.11.1' ],
99 silly audit   '@unrs/resolver-binding-linux-arm-musleabihf': [ '1.11.1' ],
99 silly audit   '@unrs/resolver-binding-linux-arm64-gnu': [ '1.11.1' ],
99 silly audit   '@unrs/resolver-binding-linux-arm64-musl': [ '1.11.1' ],
99 silly audit   '@unrs/resolver-binding-linux-ppc64-gnu': [ '1.11.1' ],
99 silly audit   '@unrs/resolver-binding-linux-riscv64-gnu': [ '1.11.1' ],
99 silly audit   '@unrs/resolver-binding-linux-riscv64-musl': [ '1.11.1' ],
99 silly audit   '@unrs/resolver-binding-linux-s390x-gnu': [ '1.11.1' ],
99 silly audit   '@unrs/resolver-binding-linux-x64-gnu': [ '1.11.1' ],
99 silly audit   '@unrs/resolver-binding-linux-x64-musl': [ '1.11.1' ],
99 silly audit   '@unrs/resolver-binding-wasm32-wasi': [ '1.11.1' ],
99 silly audit   '@unrs/resolver-binding-win32-arm64-msvc': [ '1.11.1' ],
99 silly audit   '@unrs/resolver-binding-win32-ia32-msvc': [ '1.11.1' ],
99 silly audit   '@unrs/resolver-binding-win32-x64-msvc': [ '1.11.1' ],
99 silly audit   acorn: [ '8.15.0' ],
99 silly audit   'acorn-jsx': [ '5.3.2' ],
99 silly audit   ajv: [ '6.12.6' ],
99 silly audit   'ansi-styles': [ '4.3.0' ],
99 silly audit   argparse: [ '2.0.1' ],
99 silly audit   'aria-query': [ '5.3.2' ],
99 silly audit   'array-buffer-byte-length': [ '1.0.2' ],
99 silly audit   'array-includes': [ '3.1.9' ],
99 silly audit   'array.prototype.findlast': [ '1.2.5' ],
99 silly audit   'array.prototype.findlastindex': [ '1.2.6' ],
99 silly audit   'array.prototype.flat': [ '1.3.3' ],
99 silly audit   'array.prototype.flatmap': [ '1.3.3' ],
99 silly audit   'array.prototype.tosorted': [ '1.1.4' ],
99 silly audit   'arraybuffer.prototype.slice': [ '1.0.4' ],
99 silly audit   'ast-types-flow': [ '0.0.8' ],
99 silly audit   'async-function': [ '1.0.0' ],
99 silly audit   'available-typed-arrays': [ '1.0.7' ],
99 silly audit   'axe-core': [ '4.11.0' ],
99 silly audit   'axobject-query': [ '4.1.0' ],
99 silly audit   'babel-plugin-react-compiler': [ '1.0.0' ],
99 silly audit   'balanced-match': [ '1.0.2' ],
99 silly audit   'baseline-browser-mapping': [ '2.9.11' ],
99 silly audit   braces: [ '3.0.3' ],
99 silly audit   browserslist: [ '4.28.1' ],
99 silly audit   'call-bind': [ '1.0.8' ],
99 silly audit   'call-bind-apply-helpers': [ '1.0.2' ],
99 silly audit   'call-bound': [ '1.0.4' ],
99 silly audit   callsites: [ '3.1.0' ],
99 silly audit   'caniuse-lite': [ '1.0.30001761' ],
99 silly audit   chalk: [ '4.1.2' ],
99 silly audit   'client-only': [ '0.0.1' ],
99 silly audit   'color-convert': [ '2.0.1' ],
99 silly audit   'color-name': [ '1.1.4' ],
99 silly audit   'concat-map': [ '0.0.1' ],
99 silly audit   'convert-source-map': [ '2.0.0' ],
99 silly audit   'cross-spawn': [ '7.0.6' ],
99 silly audit   csstype: [ '3.2.3' ],
99 silly audit   'damerau-levenshtein': [ '1.0.8' ],
99 silly audit   'data-view-buffer': [ '1.0.2' ],
99 silly audit   'data-view-byte-length': [ '1.0.2' ],
99 silly audit   'data-view-byte-offset': [ '1.0.1' ],
99 silly audit   debug: [ '4.4.3', '3.2.7' ],
99 silly audit   'deep-is': [ '0.1.4' ],
99 silly audit   'define-data-property': [ '1.1.4' ],
99 silly audit   'define-properties': [ '1.2.1' ],
99 silly audit   'detect-libc': [ '2.1.2' ],
99 silly audit   doctrine: [ '2.1.0' ],
99 silly audit   'dunder-proto': [ '1.0.1' ],
99 silly audit   'electron-to-chromium': [ '1.5.267' ],
99 silly audit   'emoji-regex': [ '9.2.2' ],
99 silly audit   'enhanced-resolve': [ '5.18.4' ],
99 silly audit   'es-abstract': [ '1.24.1' ],
99 silly audit   'es-define-property': [ '1.0.1' ],
99 silly audit   'es-errors': [ '1.3.0' ],
99 silly audit   'es-iterator-helpers': [ '1.2.2' ],
99 silly audit   'es-object-atoms': [ '1.1.1' ],
99 silly audit   'es-set-tostringtag': [ '2.1.0' ],
99 silly audit   'es-shim-unscopables': [ '1.1.0' ],
99 silly audit   'es-to-primitive': [ '1.3.0' ],
99 silly audit   escalade: [ '3.2.0' ],
99 silly audit   'escape-string-regexp': [ '4.0.0' ],
99 silly audit   eslint: [ '9.39.2' ],
99 silly audit   'eslint-config-next': [ '16.1.0' ],
99 silly audit   globals: [ '16.4.0', '14.0.0' ],
99 silly audit   'eslint-import-resolver-node': [ '0.3.9' ],
99 silly audit   'eslint-import-resolver-typescript': [ '3.10.1' ],
99 silly audit   'eslint-module-utils': [ '2.12.1' ],
99 silly audit   'eslint-plugin-import': [ '2.32.0' ],
99 silly audit   'eslint-plugin-jsx-a11y': [ '6.10.2' ],
99 silly audit   'eslint-plugin-react': [ '7.37.5' ],
99 silly audit   'eslint-plugin-react-hooks': [ '7.0.1' ],
99 silly audit   resolve: [ '2.0.0-next.5', '1.22.11' ],
99 silly audit   'eslint-scope': [ '8.4.0' ],
99 silly audit   espree: [ '10.4.0' ],
99 silly audit   esquery: [ '1.6.0' ],
99 silly audit   esrecurse: [ '4.3.0' ],
99 silly audit   estraverse: [ '5.3.0' ],
99 silly audit   esutils: [ '2.0.3' ],
99 silly audit   'fast-deep-equal': [ '3.1.3' ],
99 silly audit   'fast-glob': [ '3.3.1' ],
99 silly audit   'glob-parent': [ '5.1.2', '6.0.2' ],
99 silly audit   'fast-json-stable-stringify': [ '2.1.0' ],
99 silly audit   'fast-levenshtein': [ '2.0.6' ],
99 silly audit   fastq: [ '1.19.1' ],
99 silly audit   'file-entry-cache': [ '8.0.0' ],
99 silly audit   'fill-range': [ '7.1.1' ],
99 silly audit   'find-up': [ '5.0.0' ],
99 silly audit   'flat-cache': [ '4.0.1' ],
99 silly audit   flatted: [ '3.3.3' ],
99 silly audit   'for-each': [ '0.3.5' ],
99 silly audit   'function-bind': [ '1.1.2' ],
99 silly audit   'function.prototype.name': [ '1.1.8' ],
99 silly audit   'functions-have-names': [ '1.2.3' ],
99 silly audit   'generator-function': [ '2.0.1' ],
99 silly audit   gensync: [ '1.0.0-beta.2' ],
99 silly audit   'get-intrinsic': [ '1.3.0' ],
99 silly audit   'get-proto': [ '1.0.1' ],
99 silly audit   'get-symbol-description': [ '1.1.0' ],
99 silly audit   'get-tsconfig': [ '4.13.0' ],
99 silly audit   globalthis: [ '1.0.4' ],
99 silly audit   gopd: [ '1.2.0' ],
99 silly audit   'graceful-fs': [ '4.2.11' ],
99 silly audit   'has-bigints': [ '1.1.0' ],
99 silly audit   'has-flag': [ '4.0.0' ],
99 silly audit   'has-property-descriptors': [ '1.0.2' ],
99 silly audit   'has-proto': [ '1.2.0' ],
99 silly audit   'has-symbols': [ '1.1.0' ],
99 silly audit   'has-tostringtag': [ '1.0.2' ],
99 silly audit   hasown: [ '2.0.2' ],
99 silly audit   'hermes-estree': [ '0.25.1' ],
99 silly audit   'hermes-parser': [ '0.25.1' ],
99 silly audit   'import-fresh': [ '3.3.1' ],
99 silly audit   imurmurhash: [ '0.1.4' ],
99 silly audit   'internal-slot': [ '1.1.0' ],
99 silly audit   'is-array-buffer': [ '3.0.5' ],
99 silly audit   'is-async-function': [ '2.1.1' ],
99 silly audit   'is-bigint': [ '1.1.0' ],
99 silly audit   'is-boolean-object': [ '1.2.2' ],
99 silly audit   'is-bun-module': [ '2.0.0' ],
99 silly audit   'is-callable': [ '1.2.7' ],
99 silly audit   'is-core-module': [ '2.16.1' ],
99 silly audit   'is-data-view': [ '1.0.2' ],
99 silly audit   'is-date-object': [ '1.1.0' ],
99 silly audit   'is-extglob': [ '2.1.1' ],
99 silly audit   'is-finalizationregistry': [ '1.1.1' ],
99 silly audit   'is-generator-function': [ '1.1.2' ],
99 silly audit   'is-glob': [ '4.0.3' ],
99 silly audit   'is-map': [ '2.0.3' ],
99 silly audit   'is-negative-zero': [ '2.0.3' ],
99 silly audit   'is-number': [ '7.0.0' ],
99 silly audit   'is-number-object': [ '1.1.1' ],
99 silly audit   'is-regex': [ '1.2.1' ],
99 silly audit   'is-set': [ '2.0.3' ],
99 silly audit   'is-shared-array-buffer': [ '1.0.4' ],
99 silly audit   'is-string': [ '1.1.1' ],
99 silly audit   'is-symbol': [ '1.1.1' ],
99 silly audit   'is-typed-array': [ '1.1.15' ],
99 silly audit   'is-weakmap': [ '2.0.2' ],
99 silly audit   'is-weakref': [ '1.1.1' ],
99 silly audit   'is-weakset': [ '2.0.4' ],
99 silly audit   isarray: [ '2.0.5' ],
99 silly audit   isexe: [ '2.0.0' ],
99 silly audit   'iterator.prototype': [ '1.1.5' ],
99 silly audit   jiti: [ '2.6.1' ],
99 silly audit   'js-tokens': [ '4.0.0' ],
99 silly audit   'js-yaml': [ '4.1.1' ],
99 silly audit   jsesc: [ '3.1.0' ],
99 silly audit   'json-buffer': [ '3.0.1' ],
99 silly audit   'json-schema-traverse': [ '0.4.1' ],
99 silly audit   'json-stable-stringify-without-jsonify': [ '1.0.1' ],
99 silly audit   json5: [ '2.2.3', '1.0.2' ],
99 silly audit   'jsx-ast-utils': [ '3.3.5' ],
99 silly audit   keyv: [ '4.5.4' ],
99 silly audit   'language-subtag-registry': [ '0.3.23' ],
99 silly audit   'language-tags': [ '1.0.9' ],
99 silly audit   levn: [ '0.4.1' ],
99 silly audit   lightningcss: [ '1.30.2' ],
99 silly audit   'lightningcss-android-arm64': [ '1.30.2' ],
99 silly audit   'lightningcss-darwin-arm64': [ '1.30.2' ],
99 silly audit   'lightningcss-darwin-x64': [ '1.30.2' ],
99 silly audit   'lightningcss-freebsd-x64': [ '1.30.2' ],
99 silly audit   'lightningcss-linux-arm-gnueabihf': [ '1.30.2' ],
99 silly audit   'lightningcss-linux-arm64-gnu': [ '1.30.2' ],
99 silly audit   'lightningcss-linux-arm64-musl': [ '1.30.2' ],
99 silly audit   'lightningcss-linux-x64-gnu': [ '1.30.2' ],
99 silly audit   'lightningcss-linux-x64-musl': [ '1.30.2' ],
99 silly audit   'lightningcss-win32-arm64-msvc': [ '1.30.2' ],
99 silly audit   'lightningcss-win32-x64-msvc': [ '1.30.2' ],
99 silly audit   'locate-path': [ '6.0.0' ],
99 silly audit   'lodash.merge': [ '4.6.2' ],
99 silly audit   'loose-envify': [ '1.4.0' ],
99 silly audit   'lru-cache': [ '5.1.1' ],
99 silly audit   'magic-string': [ '0.30.21' ],
99 silly audit   'math-intrinsics': [ '1.1.0' ],
99 silly audit   merge2: [ '1.4.1' ],
99 silly audit   micromatch: [ '4.0.8' ],
99 silly audit   minimist: [ '1.2.8' ],
99 silly audit   ms: [ '2.1.3' ],
99 silly audit   nanoid: [ '3.3.11' ],
99 silly audit   'napi-postinstall': [ '0.3.4' ],
99 silly audit   'natural-compare': [ '1.4.0' ],
99 silly audit   next: [ '16.1.0' ],
99 silly audit   postcss: [ '8.4.31', '8.5.6' ],
99 silly audit   'node-releases': [ '2.0.27' ],
99 silly audit   'object-assign': [ '4.1.1' ],
99 silly audit   'object-inspect': [ '1.13.4' ],
99 silly audit   'object-keys': [ '1.1.1' ],
99 silly audit   'object.assign': [ '4.1.7' ],
99 silly audit   'object.entries': [ '1.1.9' ],
99 silly audit   'object.fromentries': [ '2.0.8' ],
99 silly audit   'object.groupby': [ '1.0.3' ],
99 silly audit   'object.values': [ '1.2.1' ],
99 silly audit   optionator: [ '0.9.4' ],
99 silly audit   'own-keys': [ '1.0.1' ],
99 silly audit   'p-limit': [ '3.1.0' ],
99 silly audit   'p-locate': [ '5.0.0' ],
99 silly audit   'parent-module': [ '1.0.1' ],
99 silly audit   'path-exists': [ '4.0.0' ],
99 silly audit   'path-key': [ '3.1.1' ],
99 silly audit   'path-parse': [ '1.0.7' ],
99 silly audit   picocolors: [ '1.1.1' ],
99 silly audit   picomatch: [ '2.3.1', '4.0.3' ],
99 silly audit   'possible-typed-array-names': [ '1.1.0' ],
99 silly audit   'prelude-ls': [ '1.2.1' ],
99 silly audit   'prop-types': [ '15.8.1' ],
99 silly audit   punycode: [ '2.3.1' ],
99 silly audit   'queue-microtask': [ '1.2.3' ],
99 silly audit   react: [ '19.2.3' ],
99 silly audit   'react-dom': [ '19.2.3' ],
99 silly audit   'react-is': [ '16.13.1' ],
99 silly audit   'reflect.getprototypeof': [ '1.0.10' ],
99 silly audit   'regexp.prototype.flags': [ '1.5.4' ],
99 silly audit   'resolve-from': [ '4.0.0' ],
99 silly audit   'resolve-pkg-maps': [ '1.0.0' ],
99 silly audit   reusify: [ '1.1.0' ],
99 silly audit   'run-parallel': [ '1.2.0' ],
99 silly audit   'safe-array-concat': [ '1.1.3' ],
99 silly audit   'safe-push-apply': [ '1.0.0' ],
99 silly audit   'safe-regex-test': [ '1.1.0' ],
99 silly audit   scheduler: [ '0.27.0' ],
99 silly audit   'set-function-length': [ '1.2.2' ],
99 silly audit   'set-function-name': [ '2.0.2' ],
99 silly audit   'set-proto': [ '1.0.0' ],
99 silly audit   sharp: [ '0.34.5' ],
99 silly audit   'shebang-command': [ '2.0.0' ],
99 silly audit   'shebang-regex': [ '3.0.0' ],
99 silly audit   'side-channel': [ '1.1.0' ],
99 silly audit   'side-channel-list': [ '1.0.0' ],
99 silly audit   'side-channel-map': [ '1.0.1' ],
99 silly audit   'side-channel-weakmap': [ '1.0.2' ],
99 silly audit   'source-map-js': [ '1.2.1' ],
99 silly audit   'stable-hash': [ '0.0.5' ],
99 silly audit   'stop-iteration-iterator': [ '1.1.0' ],
99 silly audit   'string.prototype.includes': [ '2.0.1' ],
99 silly audit   'string.prototype.matchall': [ '4.0.12' ],
99 silly audit   'string.prototype.repeat': [ '1.0.0' ],
99 silly audit   'string.prototype.trim': [ '1.2.10' ],
99 silly audit   'string.prototype.trimend': [ '1.0.9' ],
99 silly audit   'string.prototype.trimstart': [ '1.0.8' ],
99 silly audit   'strip-bom': [ '3.0.0' ],
99 silly audit   'strip-json-comments': [ '3.1.1' ],
99 silly audit   'styled-jsx': [ '5.1.6' ],
99 silly audit   'supports-color': [ '7.2.0' ],
99 silly audit   'supports-preserve-symlinks-flag': [ '1.0.0' ],
99 silly audit   tailwindcss: [ '4.1.18' ],
99 silly audit   tapable: [ '2.3.0' ],
99 silly audit   tinyglobby: [ '0.2.15' ],
99 silly audit   fdir: [ '6.5.0' ],
99 silly audit   'to-regex-range': [ '5.0.1' ],
99 silly audit   'ts-api-utils': [ '2.1.0' ],
99 silly audit   'tsconfig-paths': [ '3.15.0' ],
99 silly audit   tslib: [ '2.8.1' ],
99 silly audit   'type-check': [ '0.4.0' ],
99 silly audit   'typed-array-buffer': [ '1.0.3' ],
99 silly audit   'typed-array-byte-length': [ '1.0.3' ],
99 silly audit   'typed-array-byte-offset': [ '1.0.4' ],
99 silly audit   'typed-array-length': [ '1.0.7' ],
99 silly audit   typescript: [ '5.9.3' ],
99 silly audit   'typescript-eslint': [ '8.50.0' ],
99 silly audit   'unbox-primitive': [ '1.1.0' ],
99 silly audit   'undici-types': [ '6.21.0' ],
99 silly audit   'unrs-resolver': [ '1.11.1' ],
99 silly audit   'update-browserslist-db': [ '1.2.3' ],
99 silly audit   'uri-js': [ '4.4.1' ],
99 silly audit   which: [ '2.0.2' ],
99 silly audit   'which-boxed-primitive': [ '1.1.1' ],
99 silly audit   'which-builtin-type': [ '1.2.1' ],
99 silly audit   'which-collection': [ '1.0.2' ],
99 silly audit   'which-typed-array': [ '1.1.19' ],
99 silly audit   'word-wrap': [ '1.2.5' ],
99 silly audit   yallist: [ '3.1.1' ],
99 silly audit   'yocto-queue': [ '0.1.0' ],
99 silly audit   zod: [ '4.2.1' ],
99 silly audit   'zod-validation-error': [ '4.0.2' ],
99 silly audit   '@supabase/supabase-js': [ '2.89.0' ],
99 silly audit   'date-fns': [ '4.1.0' ],
99 silly audit   'lucide-react': [ '0.562.0' ],
99 silly audit   sonner: [ '2.0.7' ],
99 silly audit   '@supabase/auth-js': [ '2.89.0' ],
99 silly audit   '@supabase/functions-js': [ '2.89.0' ],
99 silly audit   '@supabase/postgrest-js': [ '2.89.0' ],
99 silly audit   '@supabase/realtime-js': [ '2.89.0' ],
99 silly audit   '@supabase/storage-js': [ '2.89.0' ],
99 silly audit   '@types/phoenix': [ '1.6.7' ],
99 silly audit   '@types/ws': [ '8.18.1' ],
99 silly audit   ws: [ '8.18.3' ],
99 silly audit   'iceberg-js': [ '0.8.1' ],
99 silly audit   '@tailwindcss/oxide-wasm32-wasi': [ '4.1.18' ]
99 silly audit }
100 verbose reify failed optional dependency D:\Mini_Project\career-automate-admin\node_modules\lightningcss-win32-arm64-msvc
101 silly reify mark deleted [
101 silly reify   'D:\\Mini_Project\\career-automate-admin\\node_modules\\lightningcss-win32-arm64-msvc'
101 silly reify ]
102 verbose reify failed optional dependency D:\Mini_Project\career-automate-admin\node_modules\lightningcss-linux-x64-musl
103 silly reify mark deleted [
103 silly reify   'D:\\Mini_Project\\career-automate-admin\\node_modules\\lightningcss-linux-x64-musl'
103 silly reify ]
104 verbose reify failed optional dependency D:\Mini_Project\career-automate-admin\node_modules\lightningcss-linux-x64-gnu
105 silly reify mark deleted [
105 silly reify   'D:\\Mini_Project\\career-automate-admin\\node_modules\\lightningcss-linux-x64-gnu'
105 silly reify ]
106 verbose reify failed optional dependency D:\Mini_Project\career-automate-admin\node_modules\lightningcss-linux-arm64-musl
107 silly reify mark deleted [
107 silly reify   'D:\\Mini_Project\\career-automate-admin\\node_modules\\lightningcss-linux-arm64-musl'
107 silly reify ]
108 verbose reify failed optional dependency D:\Mini_Project\career-automate-admin\node_modules\lightningcss-linux-arm64-gnu
109 silly reify mark deleted [
109 silly reify   'D:\\Mini_Project\\career-automate-admin\\node_modules\\lightningcss-linux-arm64-gnu'
109 silly reify ]
110 verbose reify failed optional dependency D:\Mini_Project\career-automate-admin\node_modules\lightningcss-linux-arm-gnueabihf
111 silly reify mark deleted [
111 silly reify   'D:\\Mini_Project\\career-automate-admin\\node_modules\\lightningcss-linux-arm-gnueabihf'
111 silly reify ]
112 verbose reify failed optional dependency D:\Mini_Project\career-automate-admin\node_modules\lightningcss-freebsd-x64
113 silly reify mark deleted [
113 silly reify   'D:\\Mini_Project\\career-automate-admin\\node_modules\\lightningcss-freebsd-x64'
113 silly reify ]
114 verbose reify failed optional dependency D:\Mini_Project\career-automate-admin\node_modules\lightningcss-darwin-x64
115 silly reify mark deleted [
115 silly reify   'D:\\Mini_Project\\career-automate-admin\\node_modules\\lightningcss-darwin-x64'
115 silly reify ]
116 verbose reify failed optional dependency D:\Mini_Project\career-automate-admin\node_modules\lightningcss-darwin-arm64
117 silly reify mark deleted [
117 silly reify   'D:\\Mini_Project\\career-automate-admin\\node_modules\\lightningcss-darwin-arm64'
117 silly reify ]
118 verbose reify failed optional dependency D:\Mini_Project\career-automate-admin\node_modules\lightningcss-android-arm64
119 silly reify mark deleted [
119 silly reify   'D:\\Mini_Project\\career-automate-admin\\node_modules\\lightningcss-android-arm64'
119 silly reify ]
120 verbose reify failed optional dependency D:\Mini_Project\career-automate-admin\node_modules\@unrs\resolver-binding-win32-ia32-msvc
121 silly reify mark deleted [
121 silly reify   'D:\\Mini_Project\\career-automate-admin\\node_modules\\@unrs\\resolver-binding-win32-ia32-msvc'
121 silly reify ]
122 verbose reify failed optional dependency D:\Mini_Project\career-automate-admin\node_modules\@unrs\resolver-binding-win32-arm64-msvc
123 silly reify mark deleted [
123 silly reify   'D:\\Mini_Project\\career-automate-admin\\node_modules\\@unrs\\resolver-binding-win32-arm64-msvc'
123 silly reify ]
124 verbose reify failed optional dependency D:\Mini_Project\career-automate-admin\node_modules\@unrs\resolver-binding-wasm32-wasi
125 silly reify mark deleted [
125 silly reify   'D:\\Mini_Project\\career-automate-admin\\node_modules\\@unrs\\resolver-binding-wasm32-wasi'
125 silly reify ]
126 verbose reify failed optional dependency D:\Mini_Project\career-automate-admin\node_modules\@unrs\resolver-binding-linux-x64-musl
127 silly reify mark deleted [
127 silly reify   'D:\\Mini_Project\\career-automate-admin\\node_modules\\@unrs\\resolver-binding-linux-x64-musl'
127 silly reify ]
128 verbose reify failed optional dependency D:\Mini_Project\career-automate-admin\node_modules\@unrs\resolver-binding-linux-x64-gnu
129 silly reify mark deleted [
129 silly reify   'D:\\Mini_Project\\career-automate-admin\\node_modules\\@unrs\\resolver-binding-linux-x64-gnu'
129 silly reify ]
130 verbose reify failed optional dependency D:\Mini_Project\career-automate-admin\node_modules\@unrs\resolver-binding-linux-s390x-gnu
131 silly reify mark deleted [
131 silly reify   'D:\\Mini_Project\\career-automate-admin\\node_modules\\@unrs\\resolver-binding-linux-s390x-gnu'
131 silly reify ]
132 verbose reify failed optional dependency D:\Mini_Project\career-automate-admin\node_modules\@unrs\resolver-binding-linux-riscv64-musl
133 silly reify mark deleted [
133 silly reify   'D:\\Mini_Project\\career-automate-admin\\node_modules\\@unrs\\resolver-binding-linux-riscv64-musl'
133 silly reify ]
134 verbose reify failed optional dependency D:\Mini_Project\career-automate-admin\node_modules\@unrs\resolver-binding-linux-riscv64-gnu
135 silly reify mark deleted [
135 silly reify   'D:\\Mini_Project\\career-automate-admin\\node_modules\\@unrs\\resolver-binding-linux-riscv64-gnu'
135 silly reify ]
136 verbose reify failed optional dependency D:\Mini_Project\career-automate-admin\node_modules\@unrs\resolver-binding-linux-ppc64-gnu
137 silly reify mark deleted [
137 silly reify   'D:\\Mini_Project\\career-automate-admin\\node_modules\\@unrs\\resolver-binding-linux-ppc64-gnu'
137 silly reify ]
138 verbose reify failed optional dependency D:\Mini_Project\career-automate-admin\node_modules\@unrs\resolver-binding-linux-arm64-musl
139 silly reify mark deleted [
139 silly reify   'D:\\Mini_Project\\career-automate-admin\\node_modules\\@unrs\\resolver-binding-linux-arm64-musl'
139 silly reify ]
140 verbose reify failed optional dependency D:\Mini_Project\career-automate-admin\node_modules\@unrs\resolver-binding-linux-arm64-gnu
141 silly reify mark deleted [
141 silly reify   'D:\\Mini_Project\\career-automate-admin\\node_modules\\@unrs\\resolver-binding-linux-arm64-gnu'
141 silly reify ]
142 verbose reify failed optional dependency D:\Mini_Project\career-automate-admin\node_modules\@unrs\resolver-binding-linux-arm-musleabihf
143 silly reify mark deleted [
143 silly reify   'D:\\Mini_Project\\career-automate-admin\\node_modules\\@unrs\\resolver-binding-linux-arm-musleabihf'
143 silly reify ]
144 verbose reify failed optional dependency D:\Mini_Project\career-automate-admin\node_modules\@unrs\resolver-binding-linux-arm-gnueabihf
145 silly reify mark deleted [
145 silly reify   'D:\\Mini_Project\\career-automate-admin\\node_modules\\@unrs\\resolver-binding-linux-arm-gnueabihf'
145 silly reify ]
146 verbose reify failed optional dependency D:\Mini_Project\career-automate-admin\node_modules\@unrs\resolver-binding-freebsd-x64
147 silly reify mark deleted [
147 silly reify   'D:\\Mini_Project\\career-automate-admin\\node_modules\\@unrs\\resolver-binding-freebsd-x64'
147 silly reify ]
148 verbose reify failed optional dependency D:\Mini_Project\career-automate-admin\node_modules\@unrs\resolver-binding-darwin-x64
149 silly reify mark deleted [
149 silly reify   'D:\\Mini_Project\\career-automate-admin\\node_modules\\@unrs\\resolver-binding-darwin-x64'
149 silly reify ]
150 verbose reify failed optional dependency D:\Mini_Project\career-automate-admin\node_modules\@unrs\resolver-binding-darwin-arm64
151 silly reify mark deleted [
151 silly reify   'D:\\Mini_Project\\career-automate-admin\\node_modules\\@unrs\\resolver-binding-darwin-arm64'
151 silly reify ]
152 verbose reify failed optional dependency D:\Mini_Project\career-automate-admin\node_modules\@unrs\resolver-binding-android-arm64
153 silly reify mark deleted [
153 silly reify   'D:\\Mini_Project\\career-automate-admin\\node_modules\\@unrs\\resolver-binding-android-arm64'
153 silly reify ]
154 verbose reify failed optional dependency D:\Mini_Project\career-automate-admin\node_modules\@unrs\resolver-binding-android-arm-eabi
155 silly reify mark deleted [
155 silly reify   'D:\\Mini_Project\\career-automate-admin\\node_modules\\@unrs\\resolver-binding-android-arm-eabi'
155 silly reify ]
156 verbose reify failed optional dependency D:\Mini_Project\career-automate-admin\node_modules\@tailwindcss\oxide-win32-arm64-msvc
157 silly reify mark deleted [
157 silly reify   'D:\\Mini_Project\\career-automate-admin\\node_modules\\@tailwindcss\\oxide-win32-arm64-msvc'
157 silly reify ]
158 verbose reify failed optional dependency D:\Mini_Project\career-automate-admin\node_modules\@tailwindcss\oxide-linux-x64-musl
159 silly reify mark deleted [
159 silly reify   'D:\\Mini_Project\\career-automate-admin\\node_modules\\@tailwindcss\\oxide-linux-x64-musl'
159 silly reify ]
160 verbose reify failed optional dependency D:\Mini_Project\career-automate-admin\node_modules\@tailwindcss\oxide-linux-x64-gnu
161 silly reify mark deleted [
161 silly reify   'D:\\Mini_Project\\career-automate-admin\\node_modules\\@tailwindcss\\oxide-linux-x64-gnu'
161 silly reify ]
162 verbose reify failed optional dependency D:\Mini_Project\career-automate-admin\node_modules\@tailwindcss\oxide-linux-arm64-musl
163 silly reify mark deleted [
163 silly reify   'D:\\Mini_Project\\career-automate-admin\\node_modules\\@tailwindcss\\oxide-linux-arm64-musl'
163 silly reify ]
164 verbose reify failed optional dependency D:\Mini_Project\career-automate-admin\node_modules\@tailwindcss\oxide-linux-arm64-gnu
165 silly reify mark deleted [
165 silly reify   'D:\\Mini_Project\\career-automate-admin\\node_modules\\@tailwindcss\\oxide-linux-arm64-gnu'
165 silly reify ]
166 verbose reify failed optional dependency D:\Mini_Project\career-automate-admin\node_modules\@tailwindcss\oxide-linux-arm-gnueabihf
167 silly reify mark deleted [
167 silly reify   'D:\\Mini_Project\\career-automate-admin\\node_modules\\@tailwindcss\\oxide-linux-arm-gnueabihf'
167 silly reify ]
168 verbose reify failed optional dependency D:\Mini_Project\career-automate-admin\node_modules\@tailwindcss\oxide-freebsd-x64
169 silly reify mark deleted [
169 silly reify   'D:\\Mini_Project\\career-automate-admin\\node_modules\\@tailwindcss\\oxide-freebsd-x64'
169 silly reify ]
170 verbose reify failed optional dependency D:\Mini_Project\career-automate-admin\node_modules\@tailwindcss\oxide-darwin-x64
171 silly reify mark deleted [
171 silly reify   'D:\\Mini_Project\\career-automate-admin\\node_modules\\@tailwindcss\\oxide-darwin-x64'
171 silly reify ]
172 verbose reify failed optional dependency D:\Mini_Project\career-automate-admin\node_modules\@tailwindcss\oxide-darwin-arm64
173 silly reify mark deleted [
173 silly reify   'D:\\Mini_Project\\career-automate-admin\\node_modules\\@tailwindcss\\oxide-darwin-arm64'
173 silly reify ]
174 verbose reify failed optional dependency D:\Mini_Project\career-automate-admin\node_modules\@tailwindcss\oxide-android-arm64
175 silly reify mark deleted [
175 silly reify   'D:\\Mini_Project\\career-automate-admin\\node_modules\\@tailwindcss\\oxide-android-arm64'
175 silly reify ]
176 verbose reify failed optional dependency D:\Mini_Project\career-automate-admin\node_modules\@next\swc-win32-arm64-msvc
177 silly reify mark deleted [
177 silly reify   'D:\\Mini_Project\\career-automate-admin\\node_modules\\@next\\swc-win32-arm64-msvc'
177 silly reify ]
178 verbose reify failed optional dependency D:\Mini_Project\career-automate-admin\node_modules\@next\swc-linux-x64-musl
179 silly reify mark deleted [
179 silly reify   'D:\\Mini_Project\\career-automate-admin\\node_modules\\@next\\swc-linux-x64-musl'
179 silly reify ]
180 verbose reify failed optional dependency D:\Mini_Project\career-automate-admin\node_modules\@next\swc-linux-x64-gnu
181 silly reify mark deleted [
181 silly reify   'D:\\Mini_Project\\career-automate-admin\\node_modules\\@next\\swc-linux-x64-gnu'
181 silly reify ]
182 verbose reify failed optional dependency D:\Mini_Project\career-automate-admin\node_modules\@next\swc-linux-arm64-musl
183 silly reify mark deleted [
183 silly reify   'D:\\Mini_Project\\career-automate-admin\\node_modules\\@next\\swc-linux-arm64-musl'
183 silly reify ]
184 verbose reify failed optional dependency D:\Mini_Project\career-automate-admin\node_modules\@next\swc-linux-arm64-gnu
185 silly reify mark deleted [
185 silly reify   'D:\\Mini_Project\\career-automate-admin\\node_modules\\@next\\swc-linux-arm64-gnu'
185 silly reify ]
186 verbose reify failed optional dependency D:\Mini_Project\career-automate-admin\node_modules\@next\swc-darwin-x64
187 silly reify mark deleted [
187 silly reify   'D:\\Mini_Project\\career-automate-admin\\node_modules\\@next\\swc-darwin-x64'
187 silly reify ]
188 verbose reify failed optional dependency D:\Mini_Project\career-automate-admin\node_modules\@next\swc-darwin-arm64
189 silly reify mark deleted [
189 silly reify   'D:\\Mini_Project\\career-automate-admin\\node_modules\\@next\\swc-darwin-arm64'
189 silly reify ]
190 verbose reify failed optional dependency D:\Mini_Project\career-automate-admin\node_modules\@img\sharp-win32-ia32
191 silly reify mark deleted [
191 silly reify   'D:\\Mini_Project\\career-automate-admin\\node_modules\\@img\\sharp-win32-ia32'
191 silly reify ]
192 verbose reify failed optional dependency D:\Mini_Project\career-automate-admin\node_modules\@img\sharp-win32-arm64
193 silly reify mark deleted [
193 silly reify   'D:\\Mini_Project\\career-automate-admin\\node_modules\\@img\\sharp-win32-arm64'
193 silly reify ]
194 verbose reify failed optional dependency D:\Mini_Project\career-automate-admin\node_modules\@img\sharp-wasm32
195 silly reify mark deleted [
195 silly reify   'D:\\Mini_Project\\career-automate-admin\\node_modules\\@img\\sharp-wasm32'
195 silly reify ]
196 verbose reify failed optional dependency D:\Mini_Project\career-automate-admin\node_modules\@img\sharp-linuxmusl-x64
197 silly reify mark deleted [
197 silly reify   'D:\\Mini_Project\\career-automate-admin\\node_modules\\@img\\sharp-linuxmusl-x64'
197 silly reify ]
198 verbose reify failed optional dependency D:\Mini_Project\career-automate-admin\node_modules\@img\sharp-linuxmusl-arm64
199 silly reify mark deleted [
199 silly reify   'D:\\Mini_Project\\career-automate-admin\\node_modules\\@img\\sharp-linuxmusl-arm64'
199 silly reify ]
200 verbose reify failed optional dependency D:\Mini_Project\career-automate-admin\node_modules\@img\sharp-linux-x64
201 silly reify mark deleted [
201 silly reify   'D:\\Mini_Project\\career-automate-admin\\node_modules\\@img\\sharp-linux-x64'
201 silly reify ]
202 verbose reify failed optional dependency D:\Mini_Project\career-automate-admin\node_modules\@img\sharp-linux-s390x
203 silly reify mark deleted [
203 silly reify   'D:\\Mini_Project\\career-automate-admin\\node_modules\\@img\\sharp-linux-s390x'
203 silly reify ]
204 verbose reify failed optional dependency D:\Mini_Project\career-automate-admin\node_modules\@img\sharp-linux-riscv64
205 silly reify mark deleted [
205 silly reify   'D:\\Mini_Project\\career-automate-admin\\node_modules\\@img\\sharp-linux-riscv64'
205 silly reify ]
206 verbose reify failed optional dependency D:\Mini_Project\career-automate-admin\node_modules\@img\sharp-linux-ppc64
207 silly reify mark deleted [
207 silly reify   'D:\\Mini_Project\\career-automate-admin\\node_modules\\@img\\sharp-linux-ppc64'
207 silly reify ]
208 verbose reify failed optional dependency D:\Mini_Project\career-automate-admin\node_modules\@img\sharp-linux-arm64
209 silly reify mark deleted [
209 silly reify   'D:\\Mini_Project\\career-automate-admin\\node_modules\\@img\\sharp-linux-arm64'
209 silly reify ]
210 verbose reify failed optional dependency D:\Mini_Project\career-automate-admin\node_modules\@img\sharp-linux-arm
211 silly reify mark deleted [
211 silly reify   'D:\\Mini_Project\\career-automate-admin\\node_modules\\@img\\sharp-linux-arm'
211 silly reify ]
212 verbose reify failed optional dependency D:\Mini_Project\career-automate-admin\node_modules\@img\sharp-libvips-linuxmusl-x64
213 silly reify mark deleted [
213 silly reify   'D:\\Mini_Project\\career-automate-admin\\node_modules\\@img\\sharp-libvips-linuxmusl-x64'
213 silly reify ]
214 verbose reify failed optional dependency D:\Mini_Project\career-automate-admin\node_modules\@img\sharp-libvips-linuxmusl-arm64
215 silly reify mark deleted [
215 silly reify   'D:\\Mini_Project\\career-automate-admin\\node_modules\\@img\\sharp-libvips-linuxmusl-arm64'
215 silly reify ]
216 verbose reify failed optional dependency D:\Mini_Project\career-automate-admin\node_modules\@img\sharp-libvips-linux-x64
217 silly reify mark deleted [
217 silly reify   'D:\\Mini_Project\\career-automate-admin\\node_modules\\@img\\sharp-libvips-linux-x64'
217 silly reify ]
218 verbose reify failed optional dependency D:\Mini_Project\career-automate-admin\node_modules\@img\sharp-libvips-linux-s390x
219 silly reify mark deleted [
219 silly reify   'D:\\Mini_Project\\career-automate-admin\\node_modules\\@img\\sharp-libvips-linux-s390x'
219 silly reify ]
220 verbose reify failed optional dependency D:\Mini_Project\career-automate-admin\node_modules\@img\sharp-libvips-linux-riscv64
221 silly reify mark deleted [
221 silly reify   'D:\\Mini_Project\\career-automate-admin\\node_modules\\@img\\sharp-libvips-linux-riscv64'
221 silly reify ]
222 verbose reify failed optional dependency D:\Mini_Project\career-automate-admin\node_modules\@img\sharp-libvips-linux-ppc64
223 silly reify mark deleted [
223 silly reify   'D:\\Mini_Project\\career-automate-admin\\node_modules\\@img\\sharp-libvips-linux-ppc64'
223 silly reify ]
224 verbose reify failed optional dependency D:\Mini_Project\career-automate-admin\node_modules\@img\sharp-libvips-linux-arm64
225 silly reify mark deleted [
225 silly reify   'D:\\Mini_Project\\career-automate-admin\\node_modules\\@img\\sharp-libvips-linux-arm64'
225 silly reify ]
226 verbose reify failed optional dependency D:\Mini_Project\career-automate-admin\node_modules\@img\sharp-libvips-linux-arm
227 silly reify mark deleted [
227 silly reify   'D:\\Mini_Project\\career-automate-admin\\node_modules\\@img\\sharp-libvips-linux-arm'
227 silly reify ]
228 verbose reify failed optional dependency D:\Mini_Project\career-automate-admin\node_modules\@img\sharp-libvips-darwin-x64
229 silly reify mark deleted [
229 silly reify   'D:\\Mini_Project\\career-automate-admin\\node_modules\\@img\\sharp-libvips-darwin-x64'
229 silly reify ]
230 verbose reify failed optional dependency D:\Mini_Project\career-automate-admin\node_modules\@img\sharp-libvips-darwin-arm64
231 silly reify mark deleted [
231 silly reify   'D:\\Mini_Project\\career-automate-admin\\node_modules\\@img\\sharp-libvips-darwin-arm64'
231 silly reify ]
232 verbose reify failed optional dependency D:\Mini_Project\career-automate-admin\node_modules\@img\sharp-darwin-x64
233 silly reify mark deleted [
233 silly reify   'D:\\Mini_Project\\career-automate-admin\\node_modules\\@img\\sharp-darwin-x64'
233 silly reify ]
234 verbose reify failed optional dependency D:\Mini_Project\career-automate-admin\node_modules\@img\sharp-darwin-arm64
235 silly reify mark deleted [
235 silly reify   'D:\\Mini_Project\\career-automate-admin\\node_modules\\@img\\sharp-darwin-arm64'
235 silly reify ]
236 http cache iceberg-js@https://registry.npmjs.org/iceberg-js/-/iceberg-js-0.8.1.tgz 0ms (cache hit)
237 http cache ws@https://registry.npmjs.org/ws/-/ws-8.18.3.tgz 0ms (cache hit)
238 http cache @supabase/storage-js@https://registry.npmjs.org/@supabase/storage-js/-/storage-js-2.89.0.tgz 0ms (cache hit)
239 http cache @types/ws@https://registry.npmjs.org/@types/ws/-/ws-8.18.1.tgz 0ms (cache hit)
240 http cache @types/phoenix@https://registry.npmjs.org/@types/phoenix/-/phoenix-1.6.7.tgz 0ms (cache hit)
241 http cache @supabase/realtime-js@https://registry.npmjs.org/@supabase/realtime-js/-/realtime-js-2.89.0.tgz 0ms (cache hit)
242 http cache @supabase/postgrest-js@https://registry.npmjs.org/@supabase/postgrest-js/-/postgrest-js-2.89.0.tgz 0ms (cache hit)
243 http cache @supabase/auth-js@https://registry.npmjs.org/@supabase/auth-js/-/auth-js-2.89.0.tgz 0ms (cache hit)
244 http cache @supabase/supabase-js@https://registry.npmjs.org/@supabase/supabase-js/-/supabase-js-2.89.0.tgz 0ms (cache hit)
245 http cache @supabase/functions-js@https://registry.npmjs.org/@supabase/functions-js/-/functions-js-2.89.0.tgz 0ms (cache hit)
246 silly tarball no local data for iceberg-js@https://registry.npmjs.org/iceberg-js/-/iceberg-js-0.8.1.tgz. Extracting by manifest.
247 silly tarball no local data for ws@https://registry.npmjs.org/ws/-/ws-8.18.3.tgz. Extracting by manifest.
248 silly tarball no local data for @supabase/storage-js@https://registry.npmjs.org/@supabase/storage-js/-/storage-js-2.89.0.tgz. Extracting by manifest.
249 silly tarball no local data for @types/ws@https://registry.npmjs.org/@types/ws/-/ws-8.18.1.tgz. Extracting by manifest.
250 silly tarball no local data for @types/phoenix@https://registry.npmjs.org/@types/phoenix/-/phoenix-1.6.7.tgz. Extracting by manifest.
251 silly tarball no local data for @supabase/realtime-js@https://registry.npmjs.org/@supabase/realtime-js/-/realtime-js-2.89.0.tgz. Extracting by manifest.
252 http cache sonner@https://registry.npmjs.org/sonner/-/sonner-2.0.7.tgz 0ms (cache hit)
253 silly tarball no local data for @supabase/postgrest-js@https://registry.npmjs.org/@supabase/postgrest-js/-/postgrest-js-2.89.0.tgz. Extracting by manifest.
254 silly tarball no local data for @supabase/auth-js@https://registry.npmjs.org/@supabase/auth-js/-/auth-js-2.89.0.tgz. Extracting by manifest.
255 silly tarball no local data for @supabase/supabase-js@https://registry.npmjs.org/@supabase/supabase-js/-/supabase-js-2.89.0.tgz. Extracting by manifest.
256 silly tarball no local data for @supabase/functions-js@https://registry.npmjs.org/@supabase/functions-js/-/functions-js-2.89.0.tgz. Extracting by manifest.
257 http cache lucide-react@https://registry.npmjs.org/lucide-react/-/lucide-react-0.562.0.tgz 0ms (cache hit)
258 http cache date-fns@https://registry.npmjs.org/date-fns/-/date-fns-4.1.0.tgz 0ms (cache hit)
259 silly tarball no local data for sonner@https://registry.npmjs.org/sonner/-/sonner-2.0.7.tgz. Extracting by manifest.
260 silly tarball no local data for lucide-react@https://registry.npmjs.org/lucide-react/-/lucide-react-0.562.0.tgz. Extracting by manifest.
261 silly tarball no local data for date-fns@https://registry.npmjs.org/date-fns/-/date-fns-4.1.0.tgz. Extracting by manifest.
262 http fetch GET 200 https://registry.npmjs.org/iceberg-js/-/iceberg-js-0.8.1.tgz 128ms (cache miss)
263 http fetch GET 200 https://registry.npmjs.org/ws/-/ws-8.18.3.tgz 156ms (cache miss)
264 http fetch GET 200 https://registry.npmjs.org/sonner/-/sonner-2.0.7.tgz 163ms (cache miss)
265 http fetch POST 200 https://registry.npmjs.org/-/npm/v1/security/advisories/bulk 266ms
266 silly audit report {}
267 http fetch GET 200 https://registry.npmjs.org/@types/ws/-/ws-8.18.1.tgz 366ms (cache miss)
268 http fetch GET 200 https://registry.npmjs.org/@types/phoenix/-/phoenix-1.6.7.tgz 474ms (cache miss)
269 http fetch GET 200 https://registry.npmjs.org/@supabase/storage-js/-/storage-js-2.89.0.tgz 502ms (cache miss)
270 http fetch GET 200 https://registry.npmjs.org/@supabase/supabase-js/-/supabase-js-2.89.0.tgz 597ms (cache miss)
271 http fetch GET 200 https://registry.npmjs.org/@supabase/functions-js/-/functions-js-2.89.0.tgz 649ms (cache miss)
272 http fetch GET 200 https://registry.npmjs.org/@supabase/realtime-js/-/realtime-js-2.89.0.tgz 868ms (cache miss)
273 http fetch GET 200 https://registry.npmjs.org/@supabase/postgrest-js/-/postgrest-js-2.89.0.tgz 869ms (cache miss)
274 http fetch GET 200 https://registry.npmjs.org/@supabase/auth-js/-/auth-js-2.89.0.tgz 1037ms (cache miss)
275 http fetch GET 200 https://registry.npmjs.org/lucide-react/-/lucide-react-0.562.0.tgz 5445ms (cache miss)
276 http fetch GET 200 https://registry.npmjs.org/date-fns/-/date-fns-4.1.0.tgz 7017ms (cache miss)
277 silly ADD node_modules/iceberg-js
278 silly ADD node_modules/ws
279 silly ADD node_modules/@types/ws
280 silly ADD node_modules/@types/phoenix
281 silly ADD node_modules/@supabase/storage-js
282 silly ADD node_modules/@supabase/realtime-js
283 silly ADD node_modules/@supabase/postgrest-js
284 silly ADD node_modules/@supabase/functions-js
285 silly ADD node_modules/@supabase/auth-js
286 silly ADD node_modules/sonner
287 silly ADD node_modules/lucide-react
288 silly ADD node_modules/date-fns
289 silly ADD node_modules/@supabase/supabase-js
290 silly ADD
291 silly ADD
292 silly ADD
293 silly ADD
294 silly ADD
295 silly ADD
296 silly ADD
297 silly ADD
298 silly ADD
299 silly ADD
300 silly ADD
301 silly ADD
302 silly ADD
303 silly ADD
304 silly ADD
305 silly ADD
306 silly ADD
307 silly ADD
308 silly ADD
309 silly ADD
310 silly ADD
311 silly ADD
312 silly ADD
313 silly ADD
314 silly ADD
315 silly ADD
316 silly ADD
317 silly ADD
318 silly ADD
319 silly ADD
320 silly ADD
321 silly ADD
322 silly ADD
323 silly ADD
324 silly ADD
325 silly ADD
326 silly ADD
327 silly ADD
328 silly ADD
329 silly ADD
330 silly ADD
331 silly ADD
332 silly ADD
333 silly ADD
334 silly ADD
335 silly ADD
336 silly ADD
337 silly ADD
338 silly ADD
339 silly ADD
340 silly ADD
341 silly ADD
342 silly ADD
343 silly ADD
344 silly ADD
345 silly ADD
346 silly ADD
347 silly ADD
348 silly ADD
349 silly ADD
350 silly ADD
351 silly ADD
352 silly ADD
353 silly ADD
354 silly ADD
355 silly ADD
356 silly ADD
357 silly ADD
358 silly ADD
359 verbose cwd D:\Mini_Project\career-automate-admin
360 verbose os Windows_NT 10.0.26200
361 verbose node v22.18.0
362 verbose npm  v10.9.3
363 notice
363 notice New [31mmajor[39m version of npm available! [31m10.9.3[39m -> [34m11.7.0[39m
363 notice Changelog: [34mhttps://github.com/npm/cli/releases/tag/v11.7.0[39m
363 notice To update run: [4mnpm install -g npm@11.7.0[24m
363 notice  { force: true, [Symbol(proc-log.meta)]: true }
364 verbose exit 0
365 info ok
